Flow report for projeto_SD
Mon Apr 04 20:27:50 2022
Quartus II Version 9.1 Build 350 03/24/2010 Service Pack 2 SJ Web Edition


---------------------
; Table of Contents ;
---------------------
  1. Legal Notice
  2. Flow Summary
  3. Flow Settings
  4. Flow Non-Default Global Settings
  5. Flow Elapsed Time
  6. Flow OS Summary
  7. Flow Log



----------------
; Legal Notice ;
----------------
Copyright (C) 1991-2010 Altera Corporation
Your use of Altera Corporation's design tools, logic functions 
and other software and tools, and its AMPP partner logic 
functions, and any output files from any of the foregoing 
(including device programming or simulation files), and any 
associated documentation or information are expressly subject 
to the terms and conditions of the Altera Program License 
Subscription Agreement, Altera MegaCore Function License 
Agreement, or other applicable license agreement, including, 
without limitation, that your use is for the sole purpose of 
programming logic devices manufactured by Altera and sold by 
Altera or its authorized distributors.  Please refer to the 
applicable agreement for further details.



+-----------------------------------------------------------------------------------+
; Flow Summary                                                                      ;
+------------------------------------+----------------------------------------------+
; Flow Status                        ; Successful - Mon Apr 04 20:27:49 2022        ;
; Quartus II Version                 ; 9.1 Build 350 03/24/2010 SP 2 SJ Web Edition ;
; Revision Name                      ; projeto_SD                                   ;
; Top-level Entity Name              ; projeto_SD                                   ;
; Family                             ; Cyclone IV E                                 ;
; Met timing requirements            ; N/A                                          ;
; Total logic elements               ; 96 / 6,272 ( 2 % )                           ;
;     Total combinational functions  ; 96 / 6,272 ( 2 % )                           ;
;     Dedicated logic registers      ; 0 / 6,272 ( 0 % )                            ;
; Total registers                    ; 0                                            ;
; Total pins                         ; 20 / 92 ( 22 % )                             ;
; Total virtual pins                 ; 0                                            ;
; Total memory bits                  ; 0 / 276,480 ( 0 % )                          ;
; Embedded Multiplier 9-bit elements ; 0 / 30 ( 0 % )                               ;
; Total PLLs                         ; 0 / 2 ( 0 % )                                ;
; Device                             ; EP4CE6E22C6                                  ;
; Timing Models                      ; Preliminary                                  ;
+------------------------------------+----------------------------------------------+


+-----------------------------------------+
; Flow Settings                           ;
+-------------------+---------------------+
; Option            ; Setting             ;
+-------------------+---------------------+
; Start date & time ; 04/04/2022 20:27:31 ;
; Main task         ; Compilation         ;
; Revision Name     ; projeto_SD          ;
+-------------------+---------------------+


+---------------------------------------------------------------------------------------------------------------------------------+
; Flow Non-Default Global Settings                                                                                                ;
+---------------------------------------+---------------------------------+---------------+-------------+-------------------------+
; Assignment Name                       ; Value                           ; Default Value ; Entity Name ; Section Id              ;
+---------------------------------------+---------------------------------+---------------+-------------+-------------------------+
; COMPILER_SIGNATURE_ID                 ; 132129500161300.164911485112176 ; --            ; --          ; --                      ;
; CRC_ERROR_OPEN_DRAIN                  ; Off                             ; On            ; --          ; --                      ;
; EDA_GENERATE_FUNCTIONAL_NETLIST       ; Off                             ; --            ; --          ; eda_formal_verification ;
; PARTITION_COLOR                       ; 16764057                        ; --            ; --          ; Top                     ;
; PARTITION_NETLIST_TYPE                ; SOURCE                          ; --            ; --          ; Top                     ;
; SYNCHRONIZATION_REGISTER_CHAIN_LENGTH ; 2                               ; 3             ; --          ; --                      ;
; USE_GENERATED_PHYSICAL_CONSTRAINTS    ; Off                             ; --            ; --          ; eda_blast_fpga          ;
+---------------------------------------+---------------------------------+---------------+-------------+-------------------------+


+-------------------------------------------------------------------------------------------------------------------------------+
; Flow Elapsed Time                                                                                                             ;
+---------------------------+--------------+-------------------------+---------------------+------------------------------------+
; Module Name               ; Elapsed Time ; Average Processors Used ; Peak Virtual Memory ; Total CPU Time (on all processors) ;
+---------------------------+--------------+-------------------------+---------------------+------------------------------------+
; Analysis & Synthesis      ; 00:00:05     ; 1.0                     ; 219 MB              ; 00:00:06                           ;
; Fitter                    ; 00:00:09     ; 1.0                     ; 270 MB              ; 00:00:10                           ;
; TimeQuest Timing Analyzer ; 00:00:03     ; 1.0                     ; 231 MB              ; 00:00:02                           ;
; Assembler                 ; 00:00:03     ; 1.0                     ; 207 MB              ; 00:00:02                           ;
; Total                     ; 00:00:17     ; --                      ; --                  ; 00:00:18                           ;
+---------------------------+--------------+-------------------------+---------------------+------------------------------------+


+--------------------------------------------------------------------------------------------+
; Flow OS Summary                                                                            ;
+---------------------------+------------------+---------------+------------+----------------+
; Module Name               ; Machine Hostname ; OS Name       ; OS Version ; Processor type ;
+---------------------------+------------------+---------------+------------+----------------+
; Analysis & Synthesis      ; DESKTOP-05RQL5I  ; Windows Vista ; 6.2        ; x86_64         ;
; Fitter                    ; DESKTOP-05RQL5I  ; Windows Vista ; 6.2        ; x86_64         ;
; Assembler                 ; DESKTOP-05RQL5I  ; Windows Vista ; 6.2        ; x86_64         ;
; TimeQuest Timing Analyzer ; DESKTOP-05RQL5I  ; Windows Vista ; 6.2        ; x86_64         ;
+---------------------------+------------------+---------------+------------+----------------+


------------
; Flow Log ;
------------
quartus_map --read_settings_files=on --write_settings_files=off projeto_SD -c projeto_SD
quartus_fit --read_settings_files=off --write_settings_files=off projeto_SD -c projeto_SD
quartus_asm --read_settings_files=off --write_settings_files=off projeto_SD -c projeto_SD
quartus_sta projeto_SD -c projeto_SD



